server started at 10.128.0.2:8080
[object Object]
[object Object]
server started at 10.128.0.2:8080
[object Object]
[object Object]
server started at 10.128.0.2:8080
[object Object]
[object Object]
[object Object]
[object Object]
events.js:163
      throw er; // Unhandled 'error' event
      ^

Error: listen EADDRINUSE 10.128.0.2:8080
    at Object.exports._errnoException (util.js:1034:11)
    at exports._exceptionWithHostPort (util.js:1057:20)
    at Server._listen2 (net.js:1265:14)
    at listen (net.js:1301:10)
    at doListening (net.js:1416:7)
    at _combinedTickCallback (internal/process/next_tick.js:83:11)
    at process._tickCallback (internal/process/next_tick.js:104:9)
    at Module.runMain (module.js:607:11)
    at run (bootstrap_node.js:423:7)
    at startup (bootstrap_node.js:147:9)
